#! /usr/share/iverilog-0.9.7/bin/vvp
:ivl_version "0.9.7 " "(v0_9_6)";
:vpi_time_precision + 0;
:vpi_module "system";
:vpi_module "v2005_math";
:vpi_module "va_math";
S_0x13e1ed0 .scope module, "testbench" "testbench" 2 1;
 .timescale 0 0;
v0x14068e0_0 .var "a", 3 0;
v0x14069a0_0 .var "b", 3 0;
v0x1406a40_0 .var "c", 7 0;
v0x1406ae0_0 .var "d", 7 0;
v0x1406b90_0 .net "o0", 0 0, L_0x1408e50; 1 drivers
v0x1406c40_0 .net "o1", 0 0, L_0x140a7c0; 1 drivers
v0x14073e0_0 .net "o2", 0 0, L_0x140bb10; 1 drivers
v0x1407460_0 .net "o3", 0 0, L_0x1410db0; 1 drivers
v0x14074e0_0 .net "o4", 0 0, L_0x1413890; 1 drivers
v0x1407560_0 .net "o5", 0 0, L_0x140fa40; 1 drivers
v0x1407610_0 .net "o6", 0 0, L_0x140f490; 1 drivers
v0x14076c0_0 .net "o7", 0 0, L_0x140f6e0; 1 drivers
v0x1407770_0 .var "other", 3 0;
v0x14077f0_0 .var/i "x", 31 0;
v0x14078f0_0 .var/i "z", 31 0;
L_0x1415900 .part v0x14068e0_0, 3, 1;
L_0x14159a0 .part v0x14068e0_0, 2, 1;
L_0x1415a90 .part v0x14068e0_0, 1, 1;
L_0x1415b30 .part v0x14068e0_0, 0, 1;
L_0x1416500 .part v0x14069a0_0, 3, 1;
L_0x14165a0 .part v0x14069a0_0, 2, 1;
L_0x1416640 .part v0x14069a0_0, 1, 1;
L_0x14166e0 .part v0x14069a0_0, 0, 1;
S_0x13e1470 .scope module, "m" "multiplicador" 2 13, 3 1, S_0x13e1ed0;
 .timescale 0 0;
L_0x1407970 .functor NOT 1, L_0x1415900, C4<0>, C4<0>, C4<0>;
L_0x1407a30 .functor NOT 1, L_0x14159a0, C4<0>, C4<0>, C4<0>;
L_0x1407af0 .functor NOT 1, L_0x1415a90, C4<0>, C4<0>, C4<0>;
L_0x1407bb0 .functor NOT 1, L_0x1415b30, C4<0>, C4<0>, C4<0>;
L_0x1407ca0 .functor NOT 1, L_0x1416500, C4<0>, C4<0>, C4<0>;
L_0x1407d60 .functor NOT 1, L_0x14165a0, C4<0>, C4<0>, C4<0>;
L_0x1407e60 .functor NOT 1, L_0x1416640, C4<0>, C4<0>, C4<0>;
L_0x1407ef0 .functor NOT 1, L_0x14166e0, C4<0>, C4<0>, C4<0>;
L_0x1407fb0/0/0 .functor AND 1, L_0x1415900, L_0x14159a0, L_0x1415a90, L_0x1407bb0;
L_0x1407fb0/0/4 .functor AND 1, L_0x1416500, L_0x1407d60, L_0x1416640, C4<1>;
L_0x1407fb0 .functor AND 1, L_0x1407fb0/0/0, L_0x1407fb0/0/4, C4<1>, C4<1>;
L_0x14082c0/0/0 .functor AND 1, L_0x1415900, L_0x14159a0, L_0x1416500, L_0x1407d60;
L_0x14082c0/0/4 .functor AND 1, L_0x1416640, L_0x14166e0, C4<1>, C4<1>;
L_0x14082c0 .functor AND 1, L_0x14082c0/0/0, L_0x14082c0/0/4, C4<1>, C4<1>;
L_0x14083d0/0/0 .functor AND 1, L_0x1415900, L_0x14159a0, L_0x1415a90, L_0x1415b30;
L_0x14083d0/0/4 .functor AND 1, L_0x1416500, L_0x14166e0, C4<1>, C4<1>;
L_0x14083d0 .functor AND 1, L_0x14083d0/0/0, L_0x14083d0/0/4, C4<1>, C4<1>;
L_0x1408620/0/0 .functor AND 1, L_0x1415900, L_0x1415b30, L_0x1416500, L_0x14165a0;
L_0x1408620/0/4 .functor AND 1, L_0x1416640, L_0x14166e0, C4<1>, C4<1>;
L_0x1408620 .functor AND 1, L_0x1408620/0/0, L_0x1408620/0/4, C4<1>, C4<1>;
L_0x1408370/0/0 .functor AND 1, L_0x1415900, L_0x1415a90, L_0x1415b30, L_0x1416500;
L_0x1408370/0/4 .functor AND 1, L_0x14165a0, C4<1>, C4<1>, C4<1>;
L_0x1408370 .functor AND 1, L_0x1408370/0/0, L_0x1408370/0/4, C4<1>, C4<1>;
L_0x1408940/0/0 .functor AND 1, L_0x1415900, L_0x14159a0, L_0x1415b30, L_0x1416500;
L_0x1408940/0/4 .functor AND 1, L_0x1416640, C4<1>, C4<1>, C4<1>;
L_0x1408940 .functor AND 1, L_0x1408940/0/0, L_0x1408940/0/4, C4<1>, C4<1>;
L_0x1408a60/0/0 .functor AND 1, L_0x1415900, L_0x1415a90, L_0x1416500, L_0x14165a0;
L_0x1408a60/0/4 .functor AND 1, L_0x14166e0, C4<1>, C4<1>, C4<1>;
L_0x1408a60 .functor AND 1, L_0x1408a60/0/0, L_0x1408a60/0/4, C4<1>, C4<1>;
L_0x1408590/0/0 .functor AND 1, L_0x1415900, L_0x1415a90, L_0x1416500, L_0x14165a0;
L_0x1408590/0/4 .functor AND 1, L_0x1416640, C4<1>, C4<1>, C4<1>;
L_0x1408590 .functor AND 1, L_0x1408590/0/0, L_0x1408590/0/4, C4<1>, C4<1>;
L_0x1408df0 .functor AND 1, L_0x1415900, L_0x14159a0, L_0x1416500, L_0x14165a0;
L_0x1408e50/0/0 .functor OR 1, L_0x1407fb0, L_0x14082c0, L_0x14083d0, L_0x1408620;
L_0x1408e50/0/4 .functor OR 1, L_0x1408370, L_0x1408940, L_0x1408a60, L_0x1408590;
L_0x1408e50/0/8 .functor OR 1, L_0x1408df0, C4<0>, C4<0>, C4<0>;
L_0x1408e50 .functor OR 1, L_0x1408e50/0/0, L_0x1408e50/0/4, L_0x1408e50/0/8, C4<0>;
L_0x1408d60/0/0 .functor AND 1, L_0x1415900, L_0x1407a30, L_0x1415a90, L_0x1407bb0;
L_0x1408d60/0/4 .functor AND 1, L_0x1416500, L_0x14165a0, L_0x1407e60, L_0x1407ef0;
L_0x1408d60 .functor AND 1, L_0x1408d60/0/0, L_0x1408d60/0/4, C4<1>, C4<1>;
L_0x14091e0/0/0 .functor AND 1, L_0x1415900, L_0x1407af0, L_0x1407bb0, L_0x1416500;
L_0x14091e0/0/4 .functor AND 1, L_0x1407d60, L_0x1416640, L_0x1407ef0, C4<1>;
L_0x14091e0 .functor AND 1, L_0x14091e0/0/0, L_0x14091e0/0/4, C4<1>, C4<1>;
L_0x1409000/0/0 .functor AND 1, L_0x1415900, L_0x1407af0, L_0x1415b30, L_0x1416500;
L_0x1409000/0/4 .functor AND 1, L_0x1407d60, L_0x1407e60, L_0x14166e0, C4<1>;
L_0x1409000 .functor AND 1, L_0x1409000/0/0, L_0x1409000/0/4, C4<1>, C4<1>;
L_0x14094b0/0/0 .functor AND 1, L_0x1415900, L_0x14159a0, L_0x1407af0, L_0x1407ca0;
L_0x14094b0/0/4 .functor AND 1, L_0x14165a0, L_0x1416640, L_0x1407ef0, C4<1>;
L_0x14094b0 .functor AND 1, L_0x14094b0/0/0, L_0x14094b0/0/4, C4<1>, C4<1>;
L_0x14086c0/0/0 .functor AND 1, L_0x1415900, L_0x14159a0, L_0x1407af0, L_0x1407ca0;
L_0x14086c0/0/4 .functor AND 1, L_0x14165a0, L_0x1416640, L_0x14166e0, C4<1>;
L_0x14086c0 .functor AND 1, L_0x14086c0/0/0, L_0x14086c0/0/4, C4<1>, C4<1>;
L_0x1408500/0/0 .functor AND 1, L_0x1415900, L_0x14159a0, L_0x1407bb0, L_0x1416500;
L_0x1408500/0/4 .functor AND 1, L_0x1407d60, L_0x1407e60, L_0x14166e0, C4<1>;
L_0x1408500 .functor AND 1, L_0x1408500/0/0, L_0x1408500/0/4, C4<1>, C4<1>;
L_0x1409450/0/0 .functor AND 1, L_0x1415900, L_0x1407a30, L_0x1407af0, L_0x1416500;
L_0x1409450/0/4 .functor AND 1, L_0x14165a0, L_0x1407e60, C4<1>, C4<1>;
L_0x1409450 .functor AND 1, L_0x1409450/0/0, L_0x1409450/0/4, C4<1>, C4<1>;
L_0x1408b90/0/0 .functor AND 1, L_0x1415900, L_0x14159a0, L_0x1416500, L_0x1407d60;
L_0x1408b90/0/4 .functor AND 1, L_0x1407e60, L_0x1407ef0, C4<1>, C4<1>;
L_0x1408b90 .functor AND 1, L_0x1408b90/0/0, L_0x1408b90/0/4, C4<1>, C4<1>;
L_0x1408760/0/0 .functor AND 1, L_0x1415900, L_0x1407a30, L_0x1407af0, L_0x1407bb0;
L_0x1408760/0/4 .functor AND 1, L_0x1416500, L_0x1416640, C4<1>, C4<1>;
L_0x1408760 .functor AND 1, L_0x1408760/0/0, L_0x1408760/0/4, C4<1>, C4<1>;
L_0x1409cb0/0/0 .functor AND 1, L_0x1415900, L_0x1407a30, L_0x1407af0, L_0x1416500;
L_0x1409cb0/0/4 .functor AND 1, L_0x1416640, L_0x1407ef0, C4<1>, C4<1>;
L_0x1409cb0 .functor AND 1, L_0x1409cb0/0/0, L_0x1409cb0/0/4, C4<1>, C4<1>;
L_0x1409510/0/0 .functor AND 1, L_0x1415900, L_0x14159a0, L_0x1415b30, L_0x1407ca0;
L_0x1409510/0/4 .functor AND 1, L_0x14165a0, L_0x14166e0, C4<1>, C4<1>;
L_0x1409510 .functor AND 1, L_0x1409510/0/0, L_0x1409510/0/4, C4<1>, C4<1>;
L_0x140a190/0/0 .functor AND 1, L_0x1407970, L_0x14159a0, L_0x1415b30, L_0x1416500;
L_0x140a190/0/4 .functor AND 1, L_0x14165a0, L_0x14166e0, C4<1>, C4<1>;
L_0x140a190 .functor AND 1, L_0x140a190/0/0, L_0x140a190/0/4, C4<1>, C4<1>;
L_0x14088b0/0/0 .functor AND 1, L_0x1407970, L_0x14159a0, L_0x1415a90, L_0x1415b30;
L_0x14088b0/0/4 .functor AND 1, L_0x1416500, L_0x1416640, C4<1>, C4<1>;
L_0x14088b0 .functor AND 1, L_0x14088b0/0/0, L_0x14088b0/0/4, C4<1>, C4<1>;
L_0x1408820/0/0 .functor AND 1, L_0x1415900, L_0x1415a90, L_0x1415b30, L_0x1407ca0;
L_0x1408820/0/4 .functor AND 1, L_0x14165a0, L_0x1416640, C4<1>, C4<1>;
L_0x1408820 .functor AND 1, L_0x1408820/0/0, L_0x1408820/0/4, C4<1>, C4<1>;
L_0x140a120/0/0 .functor AND 1, L_0x1407970, L_0x14159a0, L_0x1415b30, L_0x1416500;
L_0x140a120/0/4 .functor AND 1, L_0x14165a0, L_0x1416640, C4<1>, C4<1>;
L_0x140a120 .functor AND 1, L_0x140a120/0/0, L_0x140a120/0/4, C4<1>, C4<1>;
L_0x140a660/0/0 .functor AND 1, L_0x1415900, L_0x14159a0, L_0x1415a90, L_0x1407ca0;
L_0x140a660/0/4 .functor AND 1, L_0x14165a0, L_0x14166e0, C4<1>, C4<1>;
L_0x140a660 .functor AND 1, L_0x140a660/0/0, L_0x140a660/0/4, C4<1>, C4<1>;
L_0x140a550/0/0 .functor AND 1, L_0x1407970, L_0x14159a0, L_0x1415a90, L_0x1416500;
L_0x140a550/0/4 .functor AND 1, L_0x1416640, L_0x14166e0, C4<1>, C4<1>;
L_0x140a550 .functor AND 1, L_0x140a550/0/0, L_0x140a550/0/4, C4<1>, C4<1>;
L_0x140a5f0/0/0 .functor AND 1, L_0x1415900, L_0x1415a90, L_0x1407ca0, L_0x14165a0;
L_0x140a5f0/0/4 .functor AND 1, L_0x1416640, L_0x14166e0, C4<1>, C4<1>;
L_0x140a5f0 .functor AND 1, L_0x140a5f0/0/0, L_0x140a5f0/0/4, C4<1>, C4<1>;
L_0x1409890/0/0 .functor AND 1, L_0x1415900, L_0x14159a0, L_0x1415a90, L_0x1415b30;
L_0x1409890/0/4 .functor AND 1, L_0x14165a0, L_0x14166e0, C4<1>, C4<1>;
L_0x1409890 .functor AND 1, L_0x1409890/0/0, L_0x1409890/0/4, C4<1>, C4<1>;
L_0x1409930/0/0 .functor AND 1, L_0x1415900, L_0x14159a0, L_0x1415b30, L_0x14165a0;
L_0x1409930/0/4 .functor AND 1, L_0x1416640, L_0x14166e0, C4<1>, C4<1>;
L_0x1409930 .functor AND 1, L_0x1409930/0/0, L_0x1409930/0/4, C4<1>, C4<1>;
L_0x14096e0/0/0 .functor AND 1, L_0x1407970, L_0x14159a0, L_0x1415a90, L_0x1416500;
L_0x14096e0/0/4 .functor AND 1, L_0x14165a0, C4<1>, C4<1>, C4<1>;
L_0x14096e0 .functor AND 1, L_0x14096e0/0/0, L_0x14096e0/0/4, C4<1>, C4<1>;
L_0x140a700/0/0 .functor AND 1, L_0x1415900, L_0x14159a0, L_0x1415a90, L_0x14165a0;
L_0x140a700/0/4 .functor AND 1, L_0x1416640, C4<1>, C4<1>, C4<1>;
L_0x140a700 .functor AND 1, L_0x140a700/0/0, L_0x140a700/0/4, C4<1>, C4<1>;
L_0x140a760 .functor AND 1, L_0x1415900, L_0x1407a30, L_0x1416500, L_0x1407d60;
L_0x140a7c0/0/0 .functor OR 1, L_0x1408d60, L_0x14091e0, L_0x1409000, L_0x14094b0;
L_0x140a7c0/0/4 .functor OR 1, L_0x14086c0, L_0x1408500, L_0x1409450, L_0x1408b90;
L_0x140a7c0/0/8 .functor OR 1, L_0x1408760, L_0x1409cb0, L_0x1409510, L_0x140a190;
L_0x140a7c0/0/12 .functor OR 1, L_0x14088b0, L_0x1408820, L_0x140a120, L_0x140a660;
L_0x140a7c0/0/16 .functor OR 1, L_0x140a550, L_0x140a5f0, L_0x1409890, L_0x1409930;
L_0x140a7c0/0/20 .functor OR 1, L_0x14096e0, L_0x140a700, L_0x140a760, C4<0>;
L_0x140a7c0/1/0 .functor OR 1, L_0x140a7c0/0/0, L_0x140a7c0/0/4, L_0x140a7c0/0/8, L_0x140a7c0/0/12;
L_0x140a7c0/1/4 .functor OR 1, L_0x140a7c0/0/16, L_0x140a7c0/0/20, C4<0>, C4<0>;
L_0x140a7c0 .functor OR 1, L_0x140a7c0/1/0, L_0x140a7c0/1/4, C4<0>, C4<0>;
L_0x140ae50/0/0 .functor AND 1, L_0x1415900, L_0x1407a30, L_0x1415a90, L_0x1407bb0;
L_0x140ae50/0/4 .functor AND 1, L_0x1416500, L_0x14165a0, L_0x1407e60, L_0x1407ef0;
L_0x140ae50 .functor AND 1, L_0x140ae50/0/0, L_0x140ae50/0/4, C4<1>, C4<1>;
L_0x140af00/0/0 .functor AND 1, L_0x1407970, L_0x14159a0, L_0x1415a90, L_0x1407bb0;
L_0x140af00/0/4 .functor AND 1, L_0x1416500, L_0x1407d60, L_0x1416640, L_0x1407ef0;
L_0x140af00 .functor AND 1, L_0x140af00/0/0, L_0x140af00/0/4, C4<1>, C4<1>;
L_0x14092e0/0/0 .functor AND 1, L_0x1415900, L_0x1407af0, L_0x1407bb0, L_0x1407ca0;
L_0x14092e0/0/4 .functor AND 1, L_0x14165a0, L_0x1407e60, L_0x14166e0, C4<1>;
L_0x14092e0 .functor AND 1, L_0x14092e0/0/0, L_0x14092e0/0/4, C4<1>, C4<1>;
L_0x1408b00/0/0 .functor AND 1, L_0x1415900, L_0x1407a30, L_0x1407bb0, L_0x1407ca0;
L_0x1408b00/0/4 .functor AND 1, L_0x14165a0, L_0x1416640, L_0x1407ef0, C4<1>;
L_0x1408b00 .functor AND 1, L_0x1408b00/0/0, L_0x1408b00/0/4, C4<1>, C4<1>;
L_0x14097c0/0/0 .functor AND 1, L_0x1415900, L_0x1407a30, L_0x1415a90, L_0x1415b30;
L_0x14097c0/0/4 .functor AND 1, L_0x1416500, L_0x1407d60, L_0x14166e0, C4<1>;
L_0x14097c0 .functor AND 1, L_0x14097c0/0/0, L_0x14097c0/0/4, C4<1>, C4<1>;
L_0x1407dc0/0/0 .functor AND 1, L_0x1415900, L_0x14159a0, L_0x1407af0, L_0x1415b30;
L_0x1407dc0/0/4 .functor AND 1, L_0x1416500, L_0x1407e60, L_0x14166e0, C4<1>;
L_0x1407dc0 .functor AND 1, L_0x1407dc0/0/0, L_0x1407dc0/0/4, C4<1>, C4<1>;
L_0x1407f50/0/0 .functor AND 1, L_0x1415900, L_0x1407a30, L_0x1415b30, L_0x1416500;
L_0x1407f50/0/4 .functor AND 1, L_0x1407d60, L_0x1416640, L_0x14166e0, C4<1>;
L_0x1407f50 .functor AND 1, L_0x1407f50/0/0, L_0x1407f50/0/4, C4<1>, C4<1>;
L_0x1404fe0/0/0 .functor AND 1, L_0x1407970, L_0x14159a0, L_0x1415a90, L_0x1415b30;
L_0x1404fe0/0/4 .functor AND 1, L_0x1407ca0, L_0x14165a0, L_0x14166e0, C4<1>;
L_0x1404fe0 .functor AND 1, L_0x1404fe0/0/0, L_0x1404fe0/0/4, C4<1>, C4<1>;
L_0x14089e0/0/0 .functor AND 1, L_0x1415900, L_0x1407af0, L_0x1416500, L_0x14165a0;
L_0x14089e0/0/4 .functor AND 1, L_0x1416640, L_0x1407ef0, C4<1>, C4<1>;
L_0x14089e0 .functor AND 1, L_0x14089e0/0/0, L_0x14089e0/0/4, C4<1>, C4<1>;
L_0x1400f00/0/0 .functor AND 1, L_0x1407970, L_0x14159a0, L_0x1415b30, L_0x1407ca0;
L_0x1400f00/0/4 .functor AND 1, L_0x14165a0, L_0x1416640, L_0x14166e0, C4<1>;
L_0x1400f00 .functor AND 1, L_0x1400f00/0/0, L_0x1400f00/0/4, C4<1>, C4<1>;
L_0x140a380/0/0 .functor AND 1, L_0x1407970, L_0x14159a0, L_0x1407af0, L_0x1415b30;
L_0x140a380/0/4 .functor AND 1, L_0x1416500, L_0x1407d60, L_0x1416640, C4<1>;
L_0x140a380 .functor AND 1, L_0x140a380/0/0, L_0x140a380/0/4, C4<1>, C4<1>;
L_0x14003d0/0/0 .functor AND 1, L_0x1415900, L_0x1407a30, L_0x1415a90, L_0x1407ca0;
L_0x14003d0/0/4 .functor AND 1, L_0x14165a0, L_0x1407e60, L_0x14166e0, C4<1>;
L_0x14003d0 .functor AND 1, L_0x14003d0/0/0, L_0x14003d0/0/4, C4<1>, C4<1>;
L_0x140a4b0/0/0 .functor AND 1, L_0x1407970, L_0x14159a0, L_0x1407af0, L_0x1416500;
L_0x140a4b0/0/4 .functor AND 1, L_0x1407e60, L_0x1407ef0, C4<1>, C4<1>;
L_0x140a4b0 .functor AND 1, L_0x140a4b0/0/0, L_0x140a4b0/0/4, C4<1>, C4<1>;
L_0x1401a10/0/0 .functor AND 1, L_0x1415900, L_0x14159a0, L_0x1407bb0, L_0x1416500;
L_0x1401a10/0/4 .functor AND 1, L_0x1407d60, L_0x1407e60, L_0x14166e0, C4<1>;
L_0x1401a10 .functor AND 1, L_0x1401a10/0/0, L_0x1401a10/0/4, C4<1>, C4<1>;
L_0x140bc90/0/0 .functor AND 1, L_0x14159a0, L_0x1407af0, L_0x1407bb0, L_0x1416500;
L_0x140bc90/0/4 .functor AND 1, L_0x14165a0, L_0x1416640, L_0x14166e0, C4<1>;
L_0x140bc90 .functor AND 1, L_0x140bc90/0/0, L_0x140bc90/0/4, C4<1>, C4<1>;
L_0x140bd40/0/0 .functor AND 1, L_0x1407970, L_0x1407a30, L_0x1415a90, L_0x1415b30;
L_0x140bd40/0/4 .functor AND 1, L_0x1416500, L_0x14165a0, C4<1>, C4<1>;
L_0x140bd40 .functor AND 1, L_0x140bd40/0/0, L_0x140bd40/0/4, C4<1>, C4<1>;
L_0x140c0d0/0/0 .functor AND 1, L_0x1415900, L_0x1407a30, L_0x1407af0, L_0x1416500;
L_0x140c0d0/0/4 .functor AND 1, L_0x14165a0, L_0x1407e60, C4<1>, C4<1>;
L_0x140c0d0 .functor AND 1, L_0x140c0d0/0/0, L_0x140c0d0/0/4, C4<1>, C4<1>;
L_0x140c130/0/0 .functor AND 1, L_0x1415900, L_0x14159a0, L_0x1415a90, L_0x1407bb0;
L_0x140c130/0/4 .functor AND 1, L_0x1416500, L_0x1407e60, C4<1>, C4<1>;
L_0x140c130 .functor AND 1, L_0x140c130/0/0, L_0x140c130/0/4, C4<1>, C4<1>;
L_0x140c190/0/0 .functor AND 1, L_0x1415900, L_0x14159a0, L_0x1416500, L_0x1407d60;
L_0x140c190/0/4 .functor AND 1, L_0x1407e60, L_0x1407ef0, C4<1>, C4<1>;
L_0x140c190 .functor AND 1, L_0x140c190/0/0, L_0x140c190/0/4, C4<1>, C4<1>;
L_0x140c1f0/0/0 .functor AND 1, L_0x1415900, L_0x14159a0, L_0x1415a90, L_0x14165a0;
L_0x140c1f0/0/4 .functor AND 1, L_0x1407e60, L_0x1407ef0, C4<1>, C4<1>;
L_0x140c1f0 .functor AND 1, L_0x140c1f0/0/0, L_0x140c1f0/0/4, C4<1>, C4<1>;
L_0x140bdb0/0/0 .functor AND 1, L_0x1415900, L_0x1407a30, L_0x1415a90, L_0x1416500;
L_0x140bdb0/0/4 .functor AND 1, L_0x1407d60, L_0x1416640, C4<1>, C4<1>;
L_0x140bdb0 .functor AND 1, L_0x140bdb0/0/0, L_0x140bdb0/0/4, C4<1>, C4<1>;
L_0x140be10/0/0 .functor AND 1, L_0x1415900, L_0x14159a0, L_0x1407ca0, L_0x1407d60;
L_0x140be10/0/4 .functor AND 1, L_0x1416640, L_0x14166e0, C4<1>, C4<1>;
L_0x140be10 .functor AND 1, L_0x140be10/0/0, L_0x140be10/0/4, C4<1>, C4<1>;
L_0x1409570/0/0 .functor AND 1, L_0x1407970, L_0x14159a0, L_0x1415a90, L_0x1407ca0;
L_0x1409570/0/4 .functor AND 1, L_0x14165a0, L_0x1416640, C4<1>, C4<1>;
L_0x1409570 .functor AND 1, L_0x1409570/0/0, L_0x1409570/0/4, C4<1>, C4<1>;
L_0x1409610/0/0 .functor AND 1, L_0x1415900, L_0x1407a30, L_0x1407af0, L_0x1407bb0;
L_0x1409610/0/4 .functor AND 1, L_0x14165a0, L_0x14166e0, C4<1>, C4<1>;
L_0x1409610 .functor AND 1, L_0x1409610/0/0, L_0x1409610/0/4, C4<1>, C4<1>;
L_0x1409fa0/0/0 .functor AND 1, L_0x14159a0, L_0x1407af0, L_0x1407bb0, L_0x1416500;
L_0x1409fa0/0/4 .functor AND 1, L_0x1416640, L_0x1407ef0, C4<1>, C4<1>;
L_0x1409fa0 .functor AND 1, L_0x1409fa0/0/0, L_0x1409fa0/0/4, C4<1>, C4<1>;
L_0x140a040/0/0 .functor AND 1, L_0x1415900, L_0x1407a30, L_0x1407af0, L_0x1407ca0;
L_0x140a040/0/4 .functor AND 1, L_0x14165a0, L_0x14166e0, C4<1>, C4<1>;
L_0x140a040 .functor AND 1, L_0x140a040/0/0, L_0x140a040/0/4, C4<1>, C4<1>;
L_0x1409ba0/0/0 .functor AND 1, L_0x1415900, L_0x1407a30, L_0x1407af0, L_0x14165a0;
L_0x1409ba0/0/4 .functor AND 1, L_0x1416640, L_0x1407ef0, C4<1>, C4<1>;
L_0x1409ba0 .functor AND 1, L_0x1409ba0/0/0, L_0x1409ba0/0/4, C4<1>, C4<1>;
L_0x140c8e0/0/0 .functor AND 1, L_0x1407a30, L_0x1415a90, L_0x1415b30, L_0x1416500;
L_0x140c8e0/0/4 .functor AND 1, L_0x1416640, L_0x14166e0, C4<1>, C4<1>;
L_0x140c8e0 .functor AND 1, L_0x140c8e0/0/0, L_0x140c8e0/0/4, C4<1>, C4<1>;
L_0x140c970/0/0 .functor AND 1, L_0x1415900, L_0x1415a90, L_0x1415b30, L_0x1407d60;
L_0x140c970/0/4 .functor AND 1, L_0x1416640, L_0x14166e0, C4<1>, C4<1>;
L_0x140c970 .functor AND 1, L_0x140c970/0/0, L_0x140c970/0/4, C4<1>, C4<1>;
L_0x14099c0/0/0 .functor AND 1, L_0x1407970, L_0x1415a90, L_0x1415b30, L_0x1416500;
L_0x14099c0/0/4 .functor AND 1, L_0x14165a0, L_0x1416640, C4<1>, C4<1>;
L_0x14099c0 .functor AND 1, L_0x14099c0/0/0, L_0x14099c0/0/4, C4<1>, C4<1>;
L_0x1409a50/0/0 .functor AND 1, L_0x14159a0, L_0x1415a90, L_0x1407ca0, L_0x14165a0;
L_0x1409a50/0/4 .functor AND 1, L_0x1416640, L_0x14166e0, C4<1>, C4<1>;
L_0x1409a50 .functor AND 1, L_0x1409a50/0/0, L_0x1409a50/0/4, C4<1>, C4<1>;
L_0x140b6b0/0/0 .functor AND 1, L_0x1407970, L_0x14159a0, L_0x1407af0, L_0x1407bb0;
L_0x140b6b0/0/4 .functor AND 1, L_0x1416500, C4<1>, C4<1>, C4<1>;
L_0x140b6b0 .functor AND 1, L_0x140b6b0/0/0, L_0x140b6b0/0/4, C4<1>, C4<1>;
L_0x140ba20/0/0 .functor AND 1, L_0x1407970, L_0x14159a0, L_0x1416500, L_0x1407d60;
L_0x140ba20/0/4 .functor AND 1, L_0x1407e60, C4<1>, C4<1>, C4<1>;
L_0x140ba20 .functor AND 1, L_0x140ba20/0/0, L_0x140ba20/0/4, C4<1>, C4<1>;
L_0x140bab0/0/0 .functor AND 1, L_0x1415a90, L_0x1415b30, L_0x1416500, L_0x14165a0;
L_0x140bab0/0/4 .functor AND 1, L_0x1416640, L_0x14166e0, C4<1>, C4<1>;
L_0x140bab0 .functor AND 1, L_0x140bab0/0/0, L_0x140bab0/0/4, C4<1>, C4<1>;
L_0x140a230/0/0 .functor AND 1, L_0x1415900, L_0x1407ca0, L_0x14165a0, L_0x1407e60;
L_0x140a230/0/4 .functor AND 1, L_0x1407ef0, C4<1>, C4<1>, C4<1>;
L_0x140a230 .functor AND 1, L_0x140a230/0/0, L_0x140a230/0/4, C4<1>, C4<1>;
L_0x140bb10/0/0 .functor OR 1, L_0x140ae50, L_0x140af00, L_0x14092e0, L_0x1408b00;
L_0x140bb10/0/4 .functor OR 1, L_0x14097c0, L_0x1407dc0, L_0x1407f50, L_0x1404fe0;
L_0x140bb10/0/8 .functor OR 1, L_0x14089e0, L_0x1400f00, L_0x140a380, L_0x14003d0;
L_0x140bb10/0/12 .functor OR 1, L_0x140a4b0, L_0x1401a10, L_0x140bc90, L_0x140bd40;
L_0x140bb10/0/16 .functor OR 1, L_0x140c0d0, L_0x140c130, L_0x140c190, L_0x140c1f0;
L_0x140bb10/0/20 .functor OR 1, L_0x140bdb0, L_0x140be10, L_0x1409570, L_0x1409610;
L_0x140bb10/0/24 .functor OR 1, L_0x1409fa0, L_0x140a040, L_0x1409ba0, L_0x140c8e0;
L_0x140bb10/0/28 .functor OR 1, L_0x140c970, L_0x14099c0, L_0x1409a50, L_0x140b6b0;
L_0x140bb10/0/32 .functor OR 1, L_0x140ba20, L_0x140bab0, L_0x140a230, C4<0>;
L_0x140bb10/1/0 .functor OR 1, L_0x140bb10/0/0, L_0x140bb10/0/4, L_0x140bb10/0/8, L_0x140bb10/0/12;
L_0x140bb10/1/4 .functor OR 1, L_0x140bb10/0/16, L_0x140bb10/0/20, L_0x140bb10/0/24, L_0x140bb10/0/28;
L_0x140bb10/1/8 .functor OR 1, L_0x140bb10/0/32, C4<0>, C4<0>, C4<0>;
L_0x140bb10 .functor OR 1, L_0x140bb10/1/0, L_0x140bb10/1/4, L_0x140bb10/1/8, C4<0>;
L_0x140e0d0/0/0 .functor AND 1, L_0x1407970, L_0x14159a0, L_0x1407af0, L_0x1415b30;
L_0x140e0d0/0/4 .functor AND 1, L_0x1407ca0, L_0x14165a0, L_0x1407e60, L_0x14166e0;
L_0x140e0d0 .functor AND 1, L_0x140e0d0/0/0, L_0x140e0d0/0/4, C4<1>, C4<1>;
L_0x1407b50/0/0 .functor AND 1, L_0x1415900, L_0x1407a30, L_0x1415a90, L_0x1407bb0;
L_0x1407b50/0/4 .functor AND 1, L_0x1416500, L_0x14165a0, L_0x1407e60, L_0x1407ef0;
L_0x1407b50 .functor AND 1, L_0x1407b50/0/0, L_0x1407b50/0/4, C4<1>, C4<1>;
L_0x14079d0/0/0 .functor AND 1, L_0x1415900, L_0x1407a30, L_0x1407bb0, L_0x1407ca0;
L_0x14079d0/0/4 .functor AND 1, L_0x1407d60, L_0x1416640, C4<1>, C4<1>;
L_0x14079d0 .functor AND 1, L_0x14079d0/0/0, L_0x14079d0/0/4, C4<1>, C4<1>;
L_0x14027b0/0/0 .functor AND 1, L_0x1407970, L_0x14159a0, L_0x1415a90, L_0x1407bb0;
L_0x14027b0/0/4 .functor AND 1, L_0x1416500, L_0x1407d60, L_0x1416640, L_0x1407ef0;
L_0x14027b0 .functor AND 1, L_0x14027b0/0/0, L_0x14027b0/0/4, C4<1>, C4<1>;
L_0x140e1d0/0/0 .functor AND 1, L_0x1415900, L_0x1407a30, L_0x1415a90, L_0x1415b30;
L_0x140e1d0/0/4 .functor AND 1, L_0x1416500, L_0x1407d60, L_0x1416640, L_0x14166e0;
L_0x140e1d0 .functor AND 1, L_0x140e1d0/0/0, L_0x140e1d0/0/4, C4<1>, C4<1>;
L_0x140e280/0/0 .functor AND 1, L_0x1415900, L_0x1407a30, L_0x1407af0, L_0x1415b30;
L_0x140e280/0/4 .functor AND 1, L_0x1416500, L_0x1407e60, L_0x14166e0, C4<1>;
L_0x140e280 .functor AND 1, L_0x140e280/0/0, L_0x140e280/0/4, C4<1>, C4<1>;
L_0x140bec0/0/0 .functor AND 1, L_0x1407970, L_0x1407a30, L_0x1415a90, L_0x1415b30;
L_0x140bec0/0/4 .functor AND 1, L_0x1407ca0, L_0x14165a0, L_0x1416640, C4<1>;
L_0x140bec0 .functor AND 1, L_0x140bec0/0/0, L_0x140bec0/0/4, C4<1>, C4<1>;
L_0x140bf70/0/0 .functor AND 1, L_0x1415900, L_0x1407af0, L_0x1407bb0, L_0x1416500;
L_0x140bf70/0/4 .functor AND 1, L_0x1407d60, L_0x1416640, L_0x1407ef0, C4<1>;
L_0x140bf70 .functor AND 1, L_0x140bf70/0/0, L_0x140bf70/0/4, C4<1>, C4<1>;
L_0x140c020/0/0 .functor AND 1, L_0x1407970, L_0x14159a0, L_0x1415a90, L_0x1407ca0;
L_0x140c020/0/4 .functor AND 1, L_0x1407d60, L_0x1416640, L_0x14166e0, C4<1>;
L_0x140c020 .functor AND 1, L_0x140c020/0/0, L_0x140c020/0/4, C4<1>, C4<1>;
L_0x140b810/0/0 .functor AND 1, L_0x1415900, L_0x1407a30, L_0x1407bb0, L_0x1407ca0;
L_0x140b810/0/4 .functor AND 1, L_0x14165a0, L_0x1416640, L_0x1407ef0, C4<1>;
L_0x140b810 .functor AND 1, L_0x140b810/0/0, L_0x140b810/0/4, C4<1>, C4<1>;
L_0x140b8c0/0/0 .functor AND 1, L_0x1415900, L_0x1407af0, L_0x1415b30, L_0x1416500;
L_0x140b8c0/0/4 .functor AND 1, L_0x1407d60, L_0x1407e60, L_0x14166e0, C4<1>;
L_0x140b8c0 .functor AND 1, L_0x140b8c0/0/0, L_0x140b8c0/0/4, C4<1>, C4<1>;
L_0x140b970/0/0 .functor AND 1, L_0x1407970, L_0x14159a0, L_0x1415a90, L_0x1415b30;
L_0x140b970/0/4 .functor AND 1, L_0x1416500, L_0x1407e60, C4<1>, C4<1>;
L_0x140b970 .functor AND 1, L_0x140b970/0/0, L_0x140b970/0/4, C4<1>, C4<1>;
L_0x140f120/0/0 .functor AND 1, L_0x1407970, L_0x1415a90, L_0x1415b30, L_0x1407ca0;
L_0x140f120/0/4 .functor AND 1, L_0x14165a0, L_0x1416640, L_0x14166e0, C4<1>;
L_0x140f120 .functor AND 1, L_0x140f120/0/0, L_0x140f120/0/4, C4<1>, C4<1>;
L_0x140f1d0/0/0 .functor AND 1, L_0x1407970, L_0x14159a0, L_0x1407af0, L_0x1415b30;
L_0x140f1d0/0/4 .functor AND 1, L_0x1416500, L_0x1407d60, L_0x1416640, C4<1>;
L_0x140f1d0 .functor AND 1, L_0x140f1d0/0/0, L_0x140f1d0/0/4, C4<1>, C4<1>;
L_0x14031a0/0/0 .functor AND 1, L_0x1415900, L_0x1407a30, L_0x1415a90, L_0x1407ca0;
L_0x14031a0/0/4 .functor AND 1, L_0x14165a0, L_0x1407e60, L_0x14166e0, C4<1>;
L_0x14031a0 .functor AND 1, L_0x14031a0/0/0, L_0x14031a0/0/4, C4<1>, C4<1>;
L_0x140f2d0/0/0 .functor AND 1, L_0x1407970, L_0x1407a30, L_0x1415a90, L_0x1416500;
L_0x140f2d0/0/4 .functor AND 1, L_0x1407d60, L_0x1407ef0, C4<1>, C4<1>;
L_0x140f2d0 .functor AND 1, L_0x140f2d0/0/0, L_0x140f2d0/0/4, C4<1>, C4<1>;
L_0x140c660/0/0 .functor AND 1, L_0x1407970, L_0x14159a0, L_0x1407bb0, L_0x1407ca0;
L_0x140c660/0/4 .functor AND 1, L_0x14165a0, L_0x1407e60, C4<1>, C4<1>;
L_0x140c660 .functor AND 1, L_0x140c660/0/0, L_0x140c660/0/4, C4<1>, C4<1>;
L_0x140c700/0/0 .functor AND 1, L_0x1407970, L_0x14159a0, L_0x1407af0, L_0x1407ca0;
L_0x140c700/0/4 .functor AND 1, L_0x14165a0, L_0x1407ef0, C4<1>, C4<1>;
L_0x140c700 .functor AND 1, L_0x140c700/0/0, L_0x140c700/0/4, C4<1>, C4<1>;
L_0x140c7a0/0/0 .functor AND 1, L_0x1415900, L_0x14159a0, L_0x1407af0, L_0x1407ca0;
L_0x140c7a0/0/4 .functor AND 1, L_0x14165a0, L_0x1416640, L_0x14166e0, C4<1>;
L_0x140c7a0 .functor AND 1, L_0x140c7a0/0/0, L_0x140c7a0/0/4, C4<1>, C4<1>;
L_0x140f7b0/0/0 .functor AND 1, L_0x14159a0, L_0x1407af0, L_0x1407bb0, L_0x1416500;
L_0x140f7b0/0/4 .functor AND 1, L_0x14165a0, L_0x1416640, L_0x14166e0, C4<1>;
L_0x140f7b0 .functor AND 1, L_0x140f7b0/0/0, L_0x140f7b0/0/4, C4<1>, C4<1>;
L_0x140f860/0/0 .functor AND 1, L_0x1407970, L_0x1415a90, L_0x1416500, L_0x1407d60;
L_0x140f860/0/4 .functor AND 1, L_0x1407e60, C4<1>, C4<1>, C4<1>;
L_0x140f860 .functor AND 1, L_0x140f860/0/0, L_0x140f860/0/4, C4<1>, C4<1>;
L_0x140f900/0/0 .functor AND 1, L_0x1407970, L_0x14159a0, L_0x1407af0, L_0x1407bb0;
L_0x140f900/0/4 .functor AND 1, L_0x14165a0, C4<1>, C4<1>, C4<1>;
L_0x140f900 .functor AND 1, L_0x140f900/0/0, L_0x140f900/0/4, C4<1>, C4<1>;
L_0x140f9a0/0/0 .functor AND 1, L_0x1415900, L_0x1407a30, L_0x1407af0, L_0x1407bb0;
L_0x140f9a0/0/4 .functor AND 1, L_0x1416500, L_0x1416640, C4<1>, C4<1>;
L_0x140f9a0 .functor AND 1, L_0x140f9a0/0/0, L_0x140f9a0/0/4, C4<1>, C4<1>;
L_0x140fe50/0/0 .functor AND 1, L_0x1415900, L_0x1407a30, L_0x1407af0, L_0x1416500;
L_0x140fe50/0/4 .functor AND 1, L_0x1416640, L_0x1407ef0, C4<1>, C4<1>;
L_0x140fe50 .functor AND 1, L_0x140fe50/0/0, L_0x140fe50/0/4, C4<1>, C4<1>;
L_0x140fef0/0/0 .functor AND 1, L_0x1415900, L_0x14159a0, L_0x1415a90, L_0x1407ca0;
L_0x140fef0/0/4 .functor AND 1, L_0x1416640, L_0x1407ef0, C4<1>, C4<1>;
L_0x140fef0 .functor AND 1, L_0x140fef0/0/0, L_0x140fef0/0/4, C4<1>, C4<1>;
L_0x140ff90/0/0 .functor AND 1, L_0x1407970, L_0x1415a90, L_0x1407bb0, L_0x1416500;
L_0x140ff90/0/4 .functor AND 1, L_0x14165a0, L_0x1416640, C4<1>, C4<1>;
L_0x140ff90 .functor AND 1, L_0x140ff90/0/0, L_0x140ff90/0/4, C4<1>, C4<1>;
L_0x1410030/0/0 .functor AND 1, L_0x1415a90, L_0x1415b30, L_0x1416500, L_0x1407d60;
L_0x1410030/0/4 .functor AND 1, L_0x1407e60, L_0x1407ef0, C4<1>, C4<1>;
L_0x1410030 .functor AND 1, L_0x1410030/0/0, L_0x1410030/0/4, C4<1>, C4<1>;
L_0x14100d0/0/0 .functor AND 1, L_0x1415900, L_0x1407a30, L_0x1407af0, L_0x14165a0;
L_0x14100d0/0/4 .functor AND 1, L_0x1416640, L_0x1407ef0, C4<1>, C4<1>;
L_0x14100d0 .functor AND 1, L_0x14100d0/0/0, L_0x14100d0/0/4, C4<1>, C4<1>;
L_0x140aa30/0/0 .functor AND 1, L_0x1415900, L_0x1407a30, L_0x1407af0, L_0x1407ca0;
L_0x140aa30/0/4 .functor AND 1, L_0x1416640, L_0x14166e0, C4<1>, C4<1>;
L_0x140aa30 .functor AND 1, L_0x140aa30/0/0, L_0x140aa30/0/4, C4<1>, C4<1>;
L_0x140aa90/0/0 .functor AND 1, L_0x1415900, L_0x14159a0, L_0x1415a90, L_0x1415b30;
L_0x140aa90/0/4 .functor AND 1, L_0x1416640, L_0x1407ef0, C4<1>, C4<1>;
L_0x140aa90 .functor AND 1, L_0x140aa90/0/0, L_0x140aa90/0/4, C4<1>, C4<1>;
L_0x140ab30/0/0 .functor AND 1, L_0x1415900, L_0x14159a0, L_0x1415a90, L_0x1407bb0;
L_0x140ab30/0/4 .functor AND 1, L_0x1416500, L_0x14166e0, C4<1>, C4<1>;
L_0x140ab30 .functor AND 1, L_0x140ab30/0/0, L_0x140ab30/0/4, C4<1>, C4<1>;
L_0x140abd0/0/0 .functor AND 1, L_0x1415900, L_0x1415b30, L_0x1416500, L_0x14165a0;
L_0x140abd0/0/4 .functor AND 1, L_0x1416640, L_0x1407ef0, C4<1>, C4<1>;
L_0x140abd0 .functor AND 1, L_0x140abd0/0/0, L_0x140abd0/0/4, C4<1>, C4<1>;
L_0x140c5d0/0/0 .functor AND 1, L_0x1415a90, L_0x1407bb0, L_0x1416500, L_0x14165a0;
L_0x140c5d0/0/4 .functor AND 1, L_0x1416640, L_0x14166e0, C4<1>, C4<1>;
L_0x140c5d0 .functor AND 1, L_0x140c5d0/0/0, L_0x140c5d0/0/4, C4<1>, C4<1>;
L_0x1410580/0/0 .functor AND 1, L_0x14159a0, L_0x1407af0, L_0x1407bb0, L_0x14165a0;
L_0x1410580/0/4 .functor AND 1, L_0x1407e60, C4<1>, C4<1>, C4<1>;
L_0x1410580 .functor AND 1, L_0x1410580/0/0, L_0x1410580/0/4, C4<1>, C4<1>;
L_0x1410620/0/0 .functor AND 1, L_0x1415a90, L_0x1407bb0, L_0x1416500, L_0x1407d60;
L_0x1410620/0/4 .functor AND 1, L_0x1407e60, C4<1>, C4<1>, C4<1>;
L_0x1410620 .functor AND 1, L_0x1410620/0/0, L_0x1410620/0/4, C4<1>, C4<1>;
L_0x14106c0/0/0 .functor AND 1, L_0x1407970, L_0x1407a30, L_0x1415a90, L_0x1407bb0;
L_0x14106c0/0/4 .functor AND 1, L_0x1416500, C4<1>, C4<1>, C4<1>;
L_0x14106c0 .functor AND 1, L_0x14106c0/0/0, L_0x14106c0/0/4, C4<1>, C4<1>;
L_0x140cdb0/0/0 .functor AND 1, L_0x14159a0, L_0x1407ca0, L_0x14165a0, L_0x1407e60;
L_0x140cdb0/0/4 .functor AND 1, L_0x1407ef0, C4<1>, C4<1>, C4<1>;
L_0x140cdb0 .functor AND 1, L_0x140cdb0/0/0, L_0x140cdb0/0/4, C4<1>, C4<1>;
L_0x14107a0/0/0 .functor AND 1, L_0x1415900, L_0x1407ca0, L_0x1407d60, L_0x1416640;
L_0x14107a0/0/4 .functor AND 1, L_0x1407ef0, C4<1>, C4<1>, C4<1>;
L_0x14107a0 .functor AND 1, L_0x14107a0/0/0, L_0x14107a0/0/4, C4<1>, C4<1>;
L_0x1410ce0/0/0 .functor AND 1, L_0x14159a0, L_0x1415b30, L_0x14165a0, L_0x1407e60;
L_0x1410ce0/0/4 .functor AND 1, L_0x1407ef0, C4<1>, C4<1>, C4<1>;
L_0x1410ce0 .functor AND 1, L_0x1410ce0/0/0, L_0x1410ce0/0/4, C4<1>, C4<1>;
L_0x1410db0/0/0 .functor OR 1, L_0x140e0d0, L_0x1407b50, L_0x14079d0, L_0x14027b0;
L_0x1410db0/0/4 .functor OR 1, L_0x140e1d0, L_0x140e280, L_0x140bec0, L_0x140bf70;
L_0x1410db0/0/8 .functor OR 1, L_0x140c020, L_0x140b810, L_0x140b8c0, L_0x140b970;
L_0x1410db0/0/12 .functor OR 1, L_0x140f120, L_0x140f1d0, L_0x14031a0, L_0x140f2d0;
L_0x1410db0/0/16 .functor OR 1, L_0x140c660, L_0x140c700, L_0x140c7a0, L_0x140f7b0;
L_0x1410db0/0/20 .functor OR 1, L_0x140f860, L_0x140f900, L_0x140f9a0, L_0x140fe50;
L_0x1410db0/0/24 .functor OR 1, L_0x140fef0, L_0x140ff90, L_0x1410030, L_0x14100d0;
L_0x1410db0/0/28 .functor OR 1, L_0x140aa30, L_0x140aa90, L_0x140ab30, L_0x140abd0;
L_0x1410db0/0/32 .functor OR 1, L_0x140c5d0, L_0x1410580, L_0x1410620, L_0x14106c0;
L_0x1410db0/0/36 .functor OR 1, L_0x140cdb0, L_0x14107a0, L_0x1410ce0, C4<0>;
L_0x1410db0/1/0 .functor OR 1, L_0x1410db0/0/0, L_0x1410db0/0/4, L_0x1410db0/0/8, L_0x1410db0/0/12;
L_0x1410db0/1/4 .functor OR 1, L_0x1410db0/0/16, L_0x1410db0/0/20, L_0x1410db0/0/24, L_0x1410db0/0/28;
L_0x1410db0/1/8 .functor OR 1, L_0x1410db0/0/32, L_0x1410db0/0/36, C4<0>, C4<0>;
L_0x1410db0 .functor OR 1, L_0x1410db0/1/0, L_0x1410db0/1/4, L_0x1410db0/1/8, C4<0>;
L_0x1412400/0/0 .functor AND 1, L_0x1407970, L_0x1407a30, L_0x1415a90, L_0x1415b30;
L_0x1412400/0/4 .functor AND 1, L_0x1407ca0, L_0x1407d60, L_0x1416640, L_0x14166e0;
L_0x1412400 .functor AND 1, L_0x1412400/0/0, L_0x1412400/0/4, C4<1>, C4<1>;
L_0x13ffb60/0/0 .functor AND 1, L_0x1407970, L_0x14159a0, L_0x1407af0, L_0x1415b30;
L_0x13ffb60/0/4 .functor AND 1, L_0x1407ca0, L_0x14165a0, L_0x1407e60, L_0x14166e0;
L_0x13ffb60 .functor AND 1, L_0x13ffb60/0/0, L_0x13ffb60/0/4, C4<1>, C4<1>;
L_0x140ac40/0/0 .functor AND 1, L_0x1415900, L_0x1407a30, L_0x1415a90, L_0x1415b30;
L_0x140ac40/0/4 .functor AND 1, L_0x1416500, L_0x14165a0, L_0x1407e60, L_0x14166e0;
L_0x140ac40 .functor AND 1, L_0x140ac40/0/0, L_0x140ac40/0/4, C4<1>, C4<1>;
L_0x140acf0/0/0 .functor AND 1, L_0x1415900, L_0x14159a0, L_0x1407af0, L_0x1415b30;
L_0x140acf0/0/4 .functor AND 1, L_0x1416500, L_0x1407d60, L_0x1416640, L_0x14166e0;
L_0x140acf0 .functor AND 1, L_0x140acf0/0/0, L_0x140acf0/0/4, C4<1>, C4<1>;
L_0x140ada0/0/0 .functor AND 1, L_0x1407970, L_0x14159a0, L_0x1415a90, L_0x1407bb0;
L_0x140ada0/0/4 .functor AND 1, L_0x1416500, L_0x1407d60, L_0x1416640, L_0x1407ef0;
L_0x140ada0 .functor AND 1, L_0x140ada0/0/0, L_0x140ada0/0/4, C4<1>, C4<1>;
L_0x140a820/0/0 .functor AND 1, L_0x1415900, L_0x1407a30, L_0x1415a90, L_0x1415b30;
L_0x140a820/0/4 .functor AND 1, L_0x1416500, L_0x1407d60, L_0x1416640, L_0x14166e0;
L_0x140a820 .functor AND 1, L_0x140a820/0/0, L_0x140a820/0/4, C4<1>, C4<1>;
L_0x140a8d0/0/0 .functor AND 1, L_0x1415900, L_0x1407af0, L_0x1407bb0, L_0x1407ca0;
L_0x140a8d0/0/4 .functor AND 1, L_0x14165a0, L_0x1407e60, L_0x14166e0, C4<1>;
L_0x140a8d0 .functor AND 1, L_0x140a8d0/0/0, L_0x140a8d0/0/4, C4<1>, C4<1>;
L_0x140a980/0/0 .functor AND 1, L_0x1415900, L_0x14159a0, L_0x1407af0, L_0x1416500;
L_0x140a980/0/4 .functor AND 1, L_0x14165a0, L_0x1407e60, L_0x14166e0, C4<1>;
L_0x140a980 .functor AND 1, L_0x140a980/0/0, L_0x140a980/0/4, C4<1>, C4<1>;
L_0x140e340/0/0 .functor AND 1, L_0x1415900, L_0x14159a0, L_0x1407af0, L_0x1407ca0;
L_0x140e340/0/4 .functor AND 1, L_0x14165a0, L_0x1416640, L_0x1407ef0, C4<1>;
L_0x140e340 .functor AND 1, L_0x140e340/0/0, L_0x140e340/0/4, C4<1>, C4<1>;
L_0x140e3f0/0/0 .functor AND 1, L_0x1415900, L_0x14159a0, L_0x1415a90, L_0x1407bb0;
L_0x140e3f0/0/4 .functor AND 1, L_0x1416500, L_0x1407d60, L_0x1416640, C4<1>;
L_0x140e3f0 .functor AND 1, L_0x140e3f0/0/0, L_0x140e3f0/0/4, C4<1>, C4<1>;
L_0x140e4a0/0/0 .functor AND 1, L_0x1407970, L_0x1407a30, L_0x1415a90, L_0x1407ca0;
L_0x140e4a0/0/4 .functor AND 1, L_0x14165a0, L_0x1407e60, C4<1>, C4<1>;
L_0x140e4a0 .functor AND 1, L_0x140e4a0/0/0, L_0x140e4a0/0/4, C4<1>, C4<1>;
L_0x140ce10/0/0 .functor AND 1, L_0x1407970, L_0x14159a0, L_0x1407af0, L_0x1407ca0;
L_0x140ce10/0/4 .functor AND 1, L_0x1407d60, L_0x1416640, C4<1>, C4<1>;
L_0x140ce10 .functor AND 1, L_0x140ce10/0/0, L_0x140ce10/0/4, C4<1>, C4<1>;
L_0x140ceb0/0/0 .functor AND 1, L_0x1415900, L_0x14159a0, L_0x1407bb0, L_0x1416500;
L_0x140ceb0/0/4 .functor AND 1, L_0x1407d60, L_0x1407e60, L_0x14166e0, C4<1>;
L_0x140ceb0 .functor AND 1, L_0x140ceb0/0/0, L_0x140ceb0/0/4, C4<1>, C4<1>;
L_0x140cf10/0/0 .functor AND 1, L_0x1415900, L_0x14159a0, L_0x1415a90, L_0x1407ca0;
L_0x140cf10/0/4 .functor AND 1, L_0x1407d60, L_0x14166e0, C4<1>, C4<1>;
L_0x140cf10 .functor AND 1, L_0x140cf10/0/0, L_0x140cf10/0/4, C4<1>, C4<1>;
L_0x140cfb0/0/0 .functor AND 1, L_0x1415900, L_0x1407a30, L_0x1407af0, L_0x1407bb0;
L_0x140cfb0/0/4 .functor AND 1, L_0x14165a0, L_0x14166e0, C4<1>, C4<1>;
L_0x140cfb0 .functor AND 1, L_0x140cfb0/0/0, L_0x140cfb0/0/4, C4<1>, C4<1>;
L_0x1409d50/0/0 .functor AND 1, L_0x1415a90, L_0x1415b30, L_0x1416500, L_0x1407d60;
L_0x1409d50/0/4 .functor AND 1, L_0x1407e60, L_0x1407ef0, C4<1>, C4<1>;
L_0x1409d50 .functor AND 1, L_0x1409d50/0/0, L_0x1409d50/0/4, C4<1>, C4<1>;
L_0x1409db0/0/0 .functor AND 1, L_0x14159a0, L_0x1407af0, L_0x1407bb0, L_0x1416500;
L_0x1409db0/0/4 .functor AND 1, L_0x1416640, L_0x1407ef0, C4<1>, C4<1>;
L_0x1409db0 .functor AND 1, L_0x1409db0/0/0, L_0x1409db0/0/4, C4<1>, C4<1>;
L_0x1409e50/0/0 .functor AND 1, L_0x1415900, L_0x1407a30, L_0x1407af0, L_0x1407ca0;
L_0x1409e50/0/4 .functor AND 1, L_0x14165a0, L_0x14166e0, C4<1>, C4<1>;
L_0x1409e50 .functor AND 1, L_0x1409e50/0/0, L_0x1409e50/0/4, C4<1>, C4<1>;
L_0x1409ef0/0/0 .functor AND 1, L_0x1415900, L_0x1407a30, L_0x1407af0, L_0x1407ca0;
L_0x1409ef0/0/4 .functor AND 1, L_0x1416640, L_0x14166e0, C4<1>, C4<1>;
L_0x1409ef0 .functor AND 1, L_0x1409ef0/0/0, L_0x1409ef0/0/4, C4<1>, C4<1>;
L_0x14124b0/0/0 .functor AND 1, L_0x1415900, L_0x14159a0, L_0x1415a90, L_0x1415b30;
L_0x14124b0/0/4 .functor AND 1, L_0x1407ca0, L_0x14166e0, C4<1>, C4<1>;
L_0x14124b0 .functor AND 1, L_0x14124b0/0/0, L_0x14124b0/0/4, C4<1>, C4<1>;
L_0x1412550/0/0 .functor AND 1, L_0x1407970, L_0x14159a0, L_0x1415a90, L_0x1415b30;
L_0x1412550/0/4 .functor AND 1, L_0x1416500, L_0x14166e0, C4<1>, C4<1>;
L_0x1412550 .functor AND 1, L_0x1412550/0/0, L_0x1412550/0/4, C4<1>, C4<1>;
L_0x14125f0/0/0 .functor AND 1, L_0x1415900, L_0x1415b30, L_0x1407ca0, L_0x14165a0;
L_0x14125f0/0/4 .functor AND 1, L_0x1416640, L_0x14166e0, C4<1>, C4<1>;
L_0x14125f0 .functor AND 1, L_0x14125f0/0/0, L_0x14125f0/0/4, C4<1>, C4<1>;
L_0x1412690/0/0 .functor AND 1, L_0x1407970, L_0x1415b30, L_0x1416500, L_0x14165a0;
L_0x1412690/0/4 .functor AND 1, L_0x1416640, L_0x14166e0, C4<1>, C4<1>;
L_0x1412690 .functor AND 1, L_0x1412690/0/0, L_0x1412690/0/4, C4<1>, C4<1>;
L_0x1412730/0/0 .functor AND 1, L_0x1415900, L_0x1407a30, L_0x1407bb0, L_0x1407d60;
L_0x1412730/0/4 .functor AND 1, L_0x14166e0, C4<1>, C4<1>, C4<1>;
L_0x1412730 .functor AND 1, L_0x1412730/0/0, L_0x1412730/0/4, C4<1>, C4<1>;
L_0x13ffe70/0/0 .functor AND 1, L_0x1407a30, L_0x1415a90, L_0x1407bb0, L_0x14165a0;
L_0x13ffe70/0/4 .functor AND 1, L_0x1407ef0, C4<1>, C4<1>, C4<1>;
L_0x13ffe70 .functor AND 1, L_0x13ffe70/0/0, L_0x13ffe70/0/4, C4<1>, C4<1>;
L_0x140d540/0/0 .functor AND 1, L_0x1407970, L_0x1407a30, L_0x1407af0, L_0x1415b30;
L_0x140d540/0/4 .functor AND 1, L_0x1416500, C4<1>, C4<1>, C4<1>;
L_0x140d540 .functor AND 1, L_0x140d540/0/0, L_0x140d540/0/4, C4<1>, C4<1>;
L_0x140d5e0/0/0 .functor AND 1, L_0x1407af0, L_0x1415b30, L_0x1416500, L_0x1407e60;
L_0x140d5e0/0/4 .functor AND 1, L_0x1407ef0, C4<1>, C4<1>, C4<1>;
L_0x140d5e0 .functor AND 1, L_0x140d5e0/0/0, L_0x140d5e0/0/4, C4<1>, C4<1>;
L_0x140d680/0/0 .functor AND 1, L_0x1415a90, L_0x1407bb0, L_0x14165a0, L_0x1407e60;
L_0x140d680/0/4 .functor AND 1, L_0x1407ef0, C4<1>, C4<1>, C4<1>;
L_0x140d680 .functor AND 1, L_0x140d680/0/0, L_0x140d680/0/4, C4<1>, C4<1>;
L_0x140d720/0/0 .functor AND 1, L_0x1407970, L_0x1415b30, L_0x1416500, L_0x1407d60;
L_0x140d720/0/4 .functor AND 1, L_0x1407e60, C4<1>, C4<1>, C4<1>;
L_0x140d720 .functor AND 1, L_0x140d720/0/0, L_0x140d720/0/4, C4<1>, C4<1>;
L_0x140d7c0/0/0 .functor AND 1, L_0x1407970, L_0x14159a0, L_0x1407af0, L_0x1407bb0;
L_0x140d7c0/0/4 .functor AND 1, L_0x1416640, C4<1>, C4<1>, C4<1>;
L_0x140d7c0 .functor AND 1, L_0x140d7c0/0/0, L_0x140d7c0/0/4, C4<1>, C4<1>;
L_0x14128a0/0/0 .functor AND 1, L_0x1415900, L_0x1407ca0, L_0x1407d60, L_0x1407e60;
L_0x14128a0/0/4 .functor AND 1, L_0x14166e0, C4<1>, C4<1>, C4<1>;
L_0x14128a0 .functor AND 1, L_0x14128a0/0/0, L_0x14128a0/0/4, C4<1>, C4<1>;
L_0x1412940/0/0 .functor AND 1, L_0x1415a90, L_0x1407ca0, L_0x14165a0, L_0x1407e60;
L_0x1412940/0/4 .functor AND 1, L_0x1407ef0, C4<1>, C4<1>, C4<1>;
L_0x1412940 .functor AND 1, L_0x1412940/0/0, L_0x1412940/0/4, C4<1>, C4<1>;
L_0x14129e0/0/0 .functor AND 1, L_0x14159a0, L_0x1407ca0, L_0x1407d60, L_0x1416640;
L_0x14129e0/0/4 .functor AND 1, L_0x1407ef0, C4<1>, C4<1>, C4<1>;
L_0x14129e0 .functor AND 1, L_0x14129e0/0/0, L_0x14129e0/0/4, C4<1>, C4<1>;
L_0x1412a80/0/0 .functor AND 1, L_0x1407a30, L_0x1415b30, L_0x1416500, L_0x1416640;
L_0x1412a80/0/4 .functor AND 1, L_0x1407ef0, C4<1>, C4<1>, C4<1>;
L_0x1412a80 .functor AND 1, L_0x1412a80/0/0, L_0x1412a80/0/4, C4<1>, C4<1>;
L_0x1412b20/0/0 .functor AND 1, L_0x14159a0, L_0x1415b30, L_0x1407ca0, L_0x1416640;
L_0x1412b20/0/4 .functor AND 1, L_0x1407ef0, C4<1>, C4<1>, C4<1>;
L_0x1412b20 .functor AND 1, L_0x1412b20/0/0, L_0x1412b20/0/4, C4<1>, C4<1>;
L_0x1412bc0/0/0 .functor AND 1, L_0x1407970, L_0x1415a90, L_0x1407bb0, L_0x14165a0;
L_0x1412bc0/0/4 .functor AND 1, L_0x14166e0, C4<1>, C4<1>, C4<1>;
L_0x1412bc0 .functor AND 1, L_0x1412bc0/0/0, L_0x1412bc0/0/4, C4<1>, C4<1>;
L_0x1413890/0/0 .functor OR 1, L_0x1412400, L_0x13ffb60, L_0x140ac40, L_0x140acf0;
L_0x1413890/0/4 .functor OR 1, L_0x140ada0, L_0x140a820, L_0x140a8d0, L_0x140a980;
L_0x1413890/0/8 .functor OR 1, L_0x140e340, L_0x140e3f0, L_0x140e4a0, L_0x140ce10;
L_0x1413890/0/12 .functor OR 1, L_0x140ceb0, L_0x140cf10, L_0x140cfb0, L_0x1409d50;
L_0x1413890/0/16 .functor OR 1, L_0x1409db0, L_0x1409e50, L_0x1409ef0, L_0x14124b0;
L_0x1413890/0/20 .functor OR 1, L_0x1412550, L_0x14125f0, L_0x1412690, L_0x1412730;
L_0x1413890/0/24 .functor OR 1, L_0x13ffe70, L_0x140d540, L_0x140d5e0, L_0x140d680;
L_0x1413890/0/28 .functor OR 1, L_0x140d720, L_0x140d7c0, L_0x14128a0, L_0x1412940;
L_0x1413890/0/32 .functor OR 1, L_0x14129e0, L_0x1412a80, L_0x1412b20, L_0x1412bc0;
L_0x1413890/1/0 .functor OR 1, L_0x1413890/0/0, L_0x1413890/0/4, L_0x1413890/0/8, L_0x1413890/0/12;
L_0x1413890/1/4 .functor OR 1, L_0x1413890/0/16, L_0x1413890/0/20, L_0x1413890/0/24, L_0x1413890/0/28;
L_0x1413890/1/8 .functor OR 1, L_0x1413890/0/32, C4<0>, C4<0>, C4<0>;
L_0x1413890 .functor OR 1, L_0x1413890/1/0, L_0x1413890/1/4, L_0x1413890/1/8, C4<0>;
L_0x1414e00 .functor AND 1, L_0x1407af0, L_0x1415b30, L_0x14165a0, L_0x1407ef0;
L_0x1414e60 .functor AND 1, L_0x14159a0, L_0x1407af0, L_0x1407bb0, L_0x14166e0;
L_0x1414ec0 .functor AND 1, L_0x1415b30, L_0x14165a0, L_0x1407e60, L_0x1407ef0;
L_0x1414f20 .functor AND 1, L_0x14159a0, L_0x1407bb0, L_0x1407e60, L_0x14166e0;
L_0x1405b00 .functor AND 1, L_0x1407a30, L_0x1415a90, L_0x1407bb0, L_0x1416640;
L_0x1400010 .functor AND 1, L_0x1415a90, L_0x1407bb0, L_0x1416640, L_0x1407ef0;
L_0x1414f80 .functor AND 1, L_0x1415a90, L_0x1407d60, L_0x1416640, L_0x1407ef0;
L_0x1414fe0 .functor AND 1, L_0x14159a0, L_0x1415b30, L_0x1407d60, L_0x14166e0;
L_0x1415040 .functor AND 1, L_0x1407a30, L_0x1415b30, L_0x14165a0, L_0x14166e0;
L_0x140fa40/0/0 .functor OR 1, L_0x1414e00, L_0x1414e60, L_0x1414ec0, L_0x1414f20;
L_0x140fa40/0/4 .functor OR 1, L_0x1405b00, L_0x1400010, L_0x1414f80, L_0x1414fe0;
L_0x140fa40/0/8 .functor OR 1, L_0x1415040, C4<0>, C4<0>, C4<0>;
L_0x140fa40 .functor OR 1, L_0x140fa40/0/0, L_0x140fa40/0/4, L_0x140fa40/0/8, C4<0>;
L_0x140fdd0 .functor AND 1, L_0x1415a90, L_0x1407bb0, L_0x14166e0, C4<1>;
L_0x140f370 .functor AND 1, L_0x1407af0, L_0x1415b30, L_0x1416640, C4<1>;
L_0x140f3d0 .functor AND 1, L_0x1415b30, L_0x1416640, L_0x1407ef0, C4<1>;
L_0x140f430 .functor AND 1, L_0x1415a90, L_0x1407e60, L_0x14166e0, C4<1>;
L_0x140f490 .functor OR 1, L_0x140fdd0, L_0x140f370, L_0x140f3d0, L_0x140f430;
L_0x140f680 .functor AND 1, L_0x1415b30, L_0x14166e0, C4<1>, C4<1>;
L_0x140f6e0 .functor OR 1, L_0x140f680, C4<0>, C4<0>, C4<0>;
v0x139f5e0_0 .net "Na", 0 0, L_0x1407970; 1 drivers
v0x13ff850_0 .net "Nb", 0 0, L_0x1407a30; 1 drivers
v0x13ff8f0_0 .net "Nc", 0 0, L_0x1407af0; 1 drivers
v0x13ff990_0 .net "Nd", 0 0, L_0x1407bb0; 1 drivers
v0x13ffa40_0 .net "Ne", 0 0, L_0x1407ca0; 1 drivers
v0x13ffae0_0 .net "Nf", 0 0, L_0x1407d60; 1 drivers
v0x13ffbc0_0 .net "Ng", 0 0, L_0x1407e60; 1 drivers
v0x13ffc60_0 .net "Nh", 0 0, L_0x1407ef0; 1 drivers
v0x13ffd50_0 .net "a", 0 0, L_0x1415900; 1 drivers
v0x13ffdf0_0 .net "b", 0 0, L_0x14159a0; 1 drivers
v0x13ffef0_0 .net "c", 0 0, L_0x1415a90; 1 drivers
v0x13fff90_0 .net "d", 0 0, L_0x1415b30; 1 drivers
v0x14000a0_0 .net "e", 0 0, L_0x1416500; 1 drivers
v0x1400140_0 .net "f", 0 0, L_0x14165a0; 1 drivers
v0x1400260_0 .net "g", 0 0, L_0x1416640; 1 drivers
v0x1400300_0 .net "h", 0 0, L_0x14166e0; 1 drivers
v0x14001c0_0 .alias "o0", 0 0, v0x1406b90_0;
v0x1400450_0 .net "o00", 0 0, L_0x1407fb0; 1 drivers
v0x1400570_0 .net "o01", 0 0, L_0x14082c0; 1 drivers
v0x14005f0_0 .net "o02", 0 0, L_0x14083d0; 1 drivers
v0x14004d0_0 .net "o03", 0 0, L_0x1408620; 1 drivers
v0x1400720_0 .net "o04", 0 0, L_0x1408370; 1 drivers
v0x1400670_0 .net "o05", 0 0, L_0x1408940; 1 drivers
v0x1400860_0 .net "o06", 0 0, L_0x1408a60; 1 drivers
v0x14007c0_0 .net "o07", 0 0, L_0x1408590; 1 drivers
v0x14009b0_0 .net "o08", 0 0, L_0x1408df0; 1 drivers
v0x1400900_0 .alias "o1", 0 0, v0x1406c40_0;
v0x1400b10_0 .net "o10", 0 0, L_0x1408d60; 1 drivers
v0x1400a50_0 .net "o11", 0 0, L_0x14091e0; 1 drivers
v0x1400c80_0 .net "o110", 0 0, L_0x1409510; 1 drivers
v0x1400b90_0 .net "o111", 0 0, L_0x140a190; 1 drivers
v0x1400e00_0 .net "o112", 0 0, L_0x14088b0; 1 drivers
v0x1400d00_0 .net "o113", 0 0, L_0x1408820; 1 drivers
v0x1400f90_0 .net "o114", 0 0, L_0x140a120; 1 drivers
v0x1400e80_0 .net "o115", 0 0, L_0x140a660; 1 drivers
v0x1401130_0 .net "o116", 0 0, L_0x140a550; 1 drivers
v0x1401010_0 .net "o117", 0 0, L_0x140a5f0; 1 drivers
v0x14010b0_0 .net "o118", 0 0, L_0x1409890; 1 drivers
v0x14012f0_0 .net "o119", 0 0, L_0x1409930; 1 drivers
v0x1401370_0 .net "o12", 0 0, L_0x1409000; 1 drivers
v0x14011b0_0 .net "o120", 0 0, L_0x14096e0; 1 drivers
v0x1401250_0 .net "o121", 0 0, L_0x140a700; 1 drivers
v0x1401550_0 .net "o122", 0 0, L_0x140a760; 1 drivers
v0x14015d0_0 .net "o13", 0 0, L_0x14094b0; 1 drivers
v0x14013f0_0 .net "o14", 0 0, L_0x14086c0; 1 drivers
v0x1401490_0 .net "o15", 0 0, L_0x1408500; 1 drivers
v0x14017d0_0 .net "o16", 0 0, L_0x1409450; 1 drivers
v0x1401850_0 .net "o17", 0 0, L_0x1408b90; 1 drivers
v0x1401670_0 .net "o18", 0 0, L_0x1408760; 1 drivers
v0x1401710_0 .net "o19", 0 0, L_0x1409cb0; 1 drivers
v0x1401a70_0 .alias "o2", 0 0, v0x14073e0_0;
v0x1401af0_0 .net "o20", 0 0, L_0x140ae50; 1 drivers
v0x14018f0_0 .net "o21", 0 0, L_0x140af00; 1 drivers
v0x1401990_0 .net "o210", 0 0, L_0x140a380; 1 drivers
v0x1401d30_0 .net "o211", 0 0, L_0x14003d0; 1 drivers
v0x1401db0_0 .net "o212", 0 0, L_0x140a4b0; 1 drivers
v0x1401b70_0 .net "o213", 0 0, L_0x1401a10; 1 drivers
v0x1401c10_0 .net "o214", 0 0, L_0x140bc90; 1 drivers
v0x1401cb0_0 .net "o215", 0 0, L_0x140bd40; 1 drivers
v0x1402030_0 .net "o216", 0 0, L_0x140c0d0; 1 drivers
v0x1401e50_0 .net "o217", 0 0, L_0x140c130; 1 drivers
v0x1401ef0_0 .net "o218", 0 0, L_0x140c190; 1 drivers
v0x1401f90_0 .net "o219", 0 0, L_0x140c1f0; 1 drivers
v0x14022d0_0 .net "o22", 0 0, L_0x14092e0; 1 drivers
v0x14020d0_0 .net "o220", 0 0, L_0x140bdb0; 1 drivers
v0x1402170_0 .net "o221", 0 0, L_0x140be10; 1 drivers
v0x1402210_0 .net "o222", 0 0, L_0x1409570; 1 drivers
v0x1402570_0 .net "o223", 0 0, L_0x1409610; 1 drivers
v0x1402370_0 .net "o224", 0 0, L_0x1409fa0; 1 drivers
v0x1402410_0 .net "o225", 0 0, L_0x140a040; 1 drivers
v0x14024b0_0 .net "o226", 0 0, L_0x1409ba0; 1 drivers
v0x1402830_0 .net "o227", 0 0, L_0x140c8e0; 1 drivers
v0x14025f0_0 .net "o228", 0 0, L_0x140c970; 1 drivers
v0x1402690_0 .net "o229", 0 0, L_0x14099c0; 1 drivers
v0x1402730_0 .net "o23", 0 0, L_0x1408b00; 1 drivers
v0x1402b10_0 .net "o230", 0 0, L_0x1409a50; 1 drivers
v0x14028b0_0 .net "o231", 0 0, L_0x140b6b0; 1 drivers
v0x1402950_0 .net "o232", 0 0, L_0x140ba20; 1 drivers
v0x14029f0_0 .net "o233", 0 0, L_0x140bab0; 1 drivers
v0x1402a90_0 .net "o234", 0 0, L_0x140a230; 1 drivers
v0x1402e20_0 .net "o24", 0 0, L_0x14097c0; 1 drivers
v0x1402ea0_0 .net "o25", 0 0, L_0x1407dc0; 1 drivers
v0x1402bb0_0 .net "o26", 0 0, L_0x1407f50; 1 drivers
v0x1402c50_0 .net "o27", 0 0, L_0x1404fe0; 1 drivers
v0x1402cf0_0 .net "o28", 0 0, L_0x14089e0; 1 drivers
v0x1402d90_0 .net "o29", 0 0, L_0x1400f00; 1 drivers
v0x1403200_0 .alias "o3", 0 0, v0x1407460_0;
v0x14032a0_0 .net "o30", 0 0, L_0x140e0d0; 1 drivers
v0x1402f40_0 .net "o31", 0 0, L_0x1407b50; 1 drivers
v0x1402fe0_0 .net "o310", 0 0, L_0x140b8c0; 1 drivers
v0x1403080_0 .net "o311", 0 0, L_0x140b970; 1 drivers
v0x1403120_0 .net "o312", 0 0, L_0x140f120; 1 drivers
v0x1403610_0 .net "o313", 0 0, L_0x140f1d0; 1 drivers
v0x1403690_0 .net "o314", 0 0, L_0x14031a0; 1 drivers
v0x1403340_0 .net "o315", 0 0, L_0x140f2d0; 1 drivers
v0x14033e0_0 .net "o316", 0 0, L_0x140c660; 1 drivers
v0x1403480_0 .net "o317", 0 0, L_0x140c700; 1 drivers
v0x1403520_0 .net "o318", 0 0, L_0x140c7a0; 1 drivers
v0x1403a30_0 .net "o319", 0 0, L_0x140f7b0; 1 drivers
v0x1403ab0_0 .net "o32", 0 0, L_0x14079d0; 1 drivers
v0x1403710_0 .net "o320", 0 0, L_0x140f860; 1 drivers
v0x14037b0_0 .net "o321", 0 0, L_0x140f900; 1 drivers
v0x1403850_0 .net "o322", 0 0, L_0x140f9a0; 1 drivers
v0x14038f0_0 .net "o323", 0 0, L_0x140fe50; 1 drivers
v0x1403990_0 .net "o324", 0 0, L_0x140fef0; 1 drivers
v0x1403e80_0 .net "o325", 0 0, L_0x140ff90; 1 drivers
v0x1403b30_0 .net "o326", 0 0, L_0x1410030; 1 drivers
v0x1403bd0_0 .net "o327", 0 0, L_0x14100d0; 1 drivers
v0x1403c70_0 .net "o328", 0 0, L_0x140aa30; 1 drivers
v0x1403d10_0 .net "o329", 0 0, L_0x140aa90; 1 drivers
v0x1403db0_0 .net "o33", 0 0, L_0x14027b0; 1 drivers
v0x1404280_0 .net "o330", 0 0, L_0x140ab30; 1 drivers
v0x1403f00_0 .net "o331", 0 0, L_0x140abd0; 1 drivers
v0x1403fa0_0 .net "o332", 0 0, L_0x140c5d0; 1 drivers
v0x1404040_0 .net "o333", 0 0, L_0x1410580; 1 drivers
v0x14040e0_0 .net "o334", 0 0, L_0x1410620; 1 drivers
v0x1404180_0 .net "o335", 0 0, L_0x14106c0; 1 drivers
v0x14046b0_0 .net "o336", 0 0, L_0x140cdb0; 1 drivers
v0x1404300_0 .net "o337", 0 0, L_0x14107a0; 1 drivers
v0x1404380_0 .net "o338", 0 0, L_0x1410ce0; 1 drivers
v0x1404420_0 .net "o34", 0 0, L_0x140e1d0; 1 drivers
v0x14044c0_0 .net "o35", 0 0, L_0x140e280; 1 drivers
v0x1404560_0 .net "o36", 0 0, L_0x140bec0; 1 drivers
v0x1404600_0 .net "o37", 0 0, L_0x140bf70; 1 drivers
v0x1404b20_0 .net "o38", 0 0, L_0x140c020; 1 drivers
v0x1404ba0_0 .net "o39", 0 0, L_0x140b810; 1 drivers
v0x1404730_0 .alias "o4", 0 0, v0x14074e0_0;
v0x14047d0_0 .net "o40", 0 0, L_0x1412400; 1 drivers
v0x1404870_0 .net "o41", 0 0, L_0x13ffb60; 1 drivers
v0x1404910_0 .net "o410", 0 0, L_0x140e4a0; 1 drivers
v0x14049b0_0 .net "o411", 0 0, L_0x140ce10; 1 drivers
v0x1404a50_0 .net "o412", 0 0, L_0x140ceb0; 1 drivers
v0x1405050_0 .net "o413", 0 0, L_0x140cf10; 1 drivers
v0x14050d0_0 .net "o414", 0 0, L_0x140cfb0; 1 drivers
v0x1404c20_0 .net "o415", 0 0, L_0x1409d50; 1 drivers
v0x1404cc0_0 .net "o416", 0 0, L_0x1409db0; 1 drivers
v0x1404d60_0 .net "o417", 0 0, L_0x1409e50; 1 drivers
v0x1404e00_0 .net "o418", 0 0, L_0x1409ef0; 1 drivers
v0x1404ea0_0 .net "o419", 0 0, L_0x14124b0; 1 drivers
v0x1404f40_0 .net "o42", 0 0, L_0x140ac40; 1 drivers
v0x14055c0_0 .net "o420", 0 0, L_0x1412550; 1 drivers
v0x1405640_0 .net "o421", 0 0, L_0x14125f0; 1 drivers
v0x1405150_0 .net "o422", 0 0, L_0x1412690; 1 drivers
v0x14051f0_0 .net "o423", 0 0, L_0x1412730; 1 drivers
v0x1405290_0 .net "o424", 0 0, L_0x13ffe70; 1 drivers
v0x1405330_0 .net "o425", 0 0, L_0x140d540; 1 drivers
v0x14053d0_0 .net "o426", 0 0, L_0x140d5e0; 1 drivers
v0x1405470_0 .net "o427", 0 0, L_0x140d680; 1 drivers
v0x1405510_0 .net "o428", 0 0, L_0x140d720; 1 drivers
v0x1405b70_0 .net "o429", 0 0, L_0x140d7c0; 1 drivers
v0x14056c0_0 .net "o43", 0 0, L_0x140acf0; 1 drivers
v0x1405760_0 .net "o430", 0 0, L_0x14128a0; 1 drivers
v0x1405800_0 .net "o431", 0 0, L_0x1412940; 1 drivers
v0x14058a0_0 .net "o432", 0 0, L_0x14129e0; 1 drivers
v0x1405940_0 .net "o433", 0 0, L_0x1412a80; 1 drivers
v0x14059e0_0 .net "o434", 0 0, L_0x1412b20; 1 drivers
v0x1405a80_0 .net "o435", 0 0, L_0x1412bc0; 1 drivers
v0x14060e0_0 .net "o44", 0 0, L_0x140ada0; 1 drivers
v0x1405bf0_0 .net "o45", 0 0, L_0x140a820; 1 drivers
v0x1405c70_0 .net "o46", 0 0, L_0x140a8d0; 1 drivers
v0x1405d10_0 .net "o47", 0 0, L_0x140a980; 1 drivers
v0x1405db0_0 .net "o48", 0 0, L_0x140e340; 1 drivers
v0x1405e50_0 .net "o49", 0 0, L_0x140e3f0; 1 drivers
v0x1405ef0_0 .alias "o5", 0 0, v0x1407560_0;
v0x1405f90_0 .net "o50", 0 0, L_0x1414e00; 1 drivers
v0x1406030_0 .net "o51", 0 0, L_0x1414e60; 1 drivers
v0x14066a0_0 .net "o52", 0 0, L_0x1414ec0; 1 drivers
v0x1406720_0 .net "o53", 0 0, L_0x1414f20; 1 drivers
v0x1406160_0 .net "o54", 0 0, L_0x1405b00; 1 drivers
v0x1406200_0 .net "o55", 0 0, L_0x1400010; 1 drivers
v0x14062a0_0 .net "o56", 0 0, L_0x1414f80; 1 drivers
v0x1406340_0 .net "o57", 0 0, L_0x1414fe0; 1 drivers
v0x14063e0_0 .net "o58", 0 0, L_0x1415040; 1 drivers
v0x1406480_0 .alias "o6", 0 0, v0x1407610_0;
v0x1406520_0 .net "o60", 0 0, L_0x140fdd0; 1 drivers
v0x14065c0_0 .net "o61", 0 0, L_0x140f370; 1 drivers
v0x1406d30_0 .net "o62", 0 0, L_0x140f3d0; 1 drivers
v0x1406db0_0 .net "o63", 0 0, L_0x140f430; 1 drivers
v0x14067a0_0 .alias "o7", 0 0, v0x14076c0_0;
v0x1406840_0 .net "o70", 0 0, L_0x140f680; 1 drivers
    .scope S_0x13e1ed0;
T_0 ;
    %vpi_call 2 7 "$dumpfile", "dump.vcd";
    %vpi_call 2 8 "$dumpvars", 2'sb01;
    %end;
    .thread T_0;
    .scope S_0x13e1ed0;
T_1 ;
    %set/v v0x1406a40_0, 0, 8;
    %set/v v0x1406ae0_0, 0, 8;
    %set/v v0x14077f0_0, 0, 32;
T_1.0 ;
    %load/v 8, v0x14077f0_0, 32;
   %cmpi/s 8, 15, 32;
    %or 5, 4, 1;
    %jmp/0xz T_1.1, 5;
    %set/v v0x14078f0_0, 0, 32;
T_1.2 ;
    %load/v 8, v0x14078f0_0, 32;
   %cmpi/s 8, 15, 32;
    %or 5, 4, 1;
    %jmp/0xz T_1.3, 5;
    %load/v 8, v0x14077f0_0, 32;
    %set/v v0x14068e0_0, 8, 4;
    %load/v 8, v0x14078f0_0, 32;
    %set/v v0x14069a0_0, 8, 4;
    %load/v 8, v0x14078f0_0, 32;
    %mov 40, 39, 1;
    %subi 8, 1, 33;
    %set/v v0x1407770_0, 8, 4;
    %load/v 8, v0x1406b90_0, 1;
    %ix/load 0, 7, 0;
    %set/x0 v0x1406a40_0, 8, 1;
    %load/v 8, v0x1406c40_0, 1;
    %ix/load 0, 6, 0;
    %set/x0 v0x1406a40_0, 8, 1;
    %load/v 8, v0x14073e0_0, 1;
    %ix/load 0, 5, 0;
    %set/x0 v0x1406a40_0, 8, 1;
    %load/v 8, v0x1407460_0, 1;
    %ix/load 0, 4, 0;
    %set/x0 v0x1406a40_0, 8, 1;
    %load/v 8, v0x14074e0_0, 1;
    %ix/load 0, 3, 0;
    %set/x0 v0x1406a40_0, 8, 1;
    %load/v 8, v0x1407560_0, 1;
    %ix/load 0, 2, 0;
    %set/x0 v0x1406a40_0, 8, 1;
    %load/v 8, v0x1407610_0, 1;
    %ix/load 0, 1, 0;
    %set/x0 v0x1406a40_0, 8, 1;
    %load/v 8, v0x14076c0_0, 1;
    %ix/load 0, 0, 0;
    %set/x0 v0x1406a40_0, 8, 1;
    %delay 2, 0;
    %load/v 8, v0x14077f0_0, 32;
    %load/v 40, v0x14078f0_0, 32;
    %mul 8, 40, 32;
    %set/v v0x1406ae0_0, 8, 8;
    %vpi_call 2 34 "$monitor", $time, "  %b%b", v0x14068e0_0, v0x1407770_0, " %b", v0x1406a40_0, " expected %b", v0x1406ae0_0;
    %ix/load 0, 1, 0;
    %load/vp0/s 8, v0x14078f0_0, 32;
    %set/v v0x14078f0_0, 8, 32;
    %jmp T_1.2;
T_1.3 ;
    %ix/load 0, 1, 0;
    %load/vp0/s 8, v0x14077f0_0, 32;
    %set/v v0x14077f0_0, 8, 32;
    %jmp T_1.0;
T_1.1 ;
    %end;
    .thread T_1;
# The file index is used to find the file name in the following table.
:file_names 4;
    "N/A";
    "<interactive>";
    "testbench.sv";
    "design.sv";
